app/build/intermediates/manifest_merge_blame_file/debug/manifest-merger-blame-debug-report.txt
1<?xml version="1.0" encoding="utf-8"?>
2<manifest xmlns:android="http://schemas.android.com/apk/res/android"
3    package="com.hh.coffeevenues"
4    android:versionCode="1"
5    android:versionName="1.0" >
6
7    <uses-sdk
8        android:minSdkVersion="21"
8-->src/main/AndroidManifest.xml
9        android:targetSdkVersion="30" />
9-->src/main/AndroidManifest.xml
10
11    <uses-permission android:name="android.permission.ACCESS_FINE_LOCATION" />
11-->src/main/AndroidManifest.xml:4:5-79
11-->src/main/AndroidManifest.xml:4:22-76
12
13    <application
13-->src/main/AndroidManifest.xml:5:5-19:19
14        android:allowBackup="true"
14-->src/main/AndroidManifest.xml:6:9-35
15        android:appComponentFactory="androidx.core.app.CoreComponentFactory"
15-->[androidx.core:core:1.3.2] AndroidManifest.xml:24:18-86
16        android:debuggable="true"
17        android:icon="@mipmap/ic_launcher"
17-->src/main/AndroidManifest.xml:7:9-43
18        android:label="@string/app_name"
18-->src/main/AndroidManifest.xml:8:9-41
19        android:roundIcon="@mipmap/ic_launcher_round"
19-->src/main/AndroidManifest.xml:9:9-54
20        android:supportsRtl="true"
20-->src/main/AndroidManifest.xml:10:9-35
21        android:testOnly="true"
22        android:theme="@style/Theme.CoffeeVenues" >
22-->src/main/AndroidManifest.xml:11:9-50
23        <activity android:name="com.hh.coffeevenues.MainActivity" >
23-->src/main/AndroidManifest.xml:12:9-18:20
23-->src/main/AndroidManifest.xml:12:19-47
24            <intent-filter>
24-->src/main/AndroidManifest.xml:13:13-17:29
25                <action android:name="android.intent.action.MAIN" />
25-->src/main/AndroidManifest.xml:14:17-69
25-->src/main/AndroidManifest.xml:14:25-66
26
27                <category android:name="android.intent.category.LAUNCHER" />
27-->src/main/AndroidManifest.xml:16:17-77
27-->src/main/AndroidManifest.xml:16:27-74
28            </intent-filter>
29        </activity>
30        <activity
30-->[pub.devrel:easypermissions:3.0.0] AndroidManifest.xml:12:9-16:66
31            android:name="pub.devrel.easypermissions.AppSettingsDialogHolderActivity"
31-->[pub.devrel:easypermissions:3.0.0] AndroidManifest.xml:13:13-86
32            android:exported="false"
32-->[pub.devrel:easypermissions:3.0.0] AndroidManifest.xml:14:13-37
33            android:label=""
33-->[pub.devrel:easypermissions:3.0.0] AndroidManifest.xml:15:13-29
34            android:theme="@style/EasyPermissions.Transparent" />
34-->[pub.devrel:easypermissions:3.0.0] AndroidManifest.xml:16:13-63
35        <activity
35-->[com.google.android.gms:play-services-base:17.3.0] AndroidManifest.xml:23:9-26:75
36            android:name="com.google.android.gms.common.api.GoogleApiActivity"
36-->[com.google.android.gms:play-services-base:17.3.0] AndroidManifest.xml:24:13-79
37            android:exported="false"
37-->[com.google.android.gms:play-services-base:17.3.0] AndroidManifest.xml:25:13-37
38            android:theme="@android:style/Theme.Translucent.NoTitleBar" />
38-->[com.google.android.gms:play-services-base:17.3.0] AndroidManifest.xml:26:13-72
39
40        <meta-data
40-->[com.google.android.gms:play-services-basement:17.3.0] AndroidManifest.xml:23:9-25:69
41            android:name="com.google.android.gms.version"
41-->[com.google.android.gms:play-services-basement:17.3.0] AndroidManifest.xml:24:13-58
42            android:value="@integer/google_play_services_version" />
42-->[com.google.android.gms:play-services-basement:17.3.0] AndroidManifest.xml:25:13-66
43    </application>
44
45</manifest>